dns/build/intermediates/manifest_merge_blame_file/debug/manifest-merger-blame-debug-report.txt
1<?xml version="1.0" encoding="utf-8"?>
2<manifest xmlns:android="http://schemas.android.com/apk/res/android"
3    xmlns:tools="http://schemas.android.com/tools"
4    package="com.frostnerd.dnschanger"
5    android:installLocation="internalOnly"
6    android:versionCode="125"
7    android:versionName="1.16.5.11" >
8
9    <uses-sdk
10        android:minSdkVersion="19"
10-->src\main\AndroidManifest.xml
11        android:targetSdkVersion="30" />
11-->src\main\AndroidManifest.xml
12
13    <uses-permission android:name="android.permission.INTERNET" />
13-->src\main\AndroidManifest.xml:7:5-67
13-->src\main\AndroidManifest.xml:7:22-64
14    <uses-permission android:name="android.permission.RECEIVE_BOOT_COMPLETED" />
14-->src\main\AndroidManifest.xml:8:5-81
14-->src\main\AndroidManifest.xml:8:22-78
15    <uses-permission android:name="android.permission.ACCESS_NETWORK_STATE" />
15-->src\main\AndroidManifest.xml:9:5-79
15-->src\main\AndroidManifest.xml:9:22-76
16    <uses-permission android:name="com.android.launcher.permission.INSTALL_SHORTCUT" />
16-->src\main\AndroidManifest.xml:10:5-88
16-->src\main\AndroidManifest.xml:10:22-85
17    <uses-permission android:name="android.permission.VIBRATE" />
17-->src\main\AndroidManifest.xml:11:5-66
17-->src\main\AndroidManifest.xml:11:22-63
18    <uses-permission
18-->src\main\AndroidManifest.xml:12:5-14:36
19        android:name="android.permission.USE_FINGERPRINT"
19-->src\main\AndroidManifest.xml:13:9-58
20        android:required="false" />
20-->src\main\AndroidManifest.xml:14:9-33
21    <uses-permission android:name="android.permission.USE_BIOMETRIC" />
21-->src\main\AndroidManifest.xml:15:5-71
21-->src\main\AndroidManifest.xml:15:22-69
22    <uses-permission android:name="android.permission.READ_EXTERNAL_STORAGE" />
22-->src\main\AndroidManifest.xml:16:5-80
22-->src\main\AndroidManifest.xml:16:22-77
23    <uses-permission android:name="android.permission.WRITE_EXTERNAL_STORAGE" />
23-->src\main\AndroidManifest.xml:17:5-81
23-->src\main\AndroidManifest.xml:17:22-78
24    <uses-permission android:name="android.permission.FOREGROUND_SERVICE" />
24-->src\main\AndroidManifest.xml:18:5-77
24-->src\main\AndroidManifest.xml:18:22-74
25    <uses-permission
25-->src\main\AndroidManifest.xml:19:5-20:53
26        android:name="android.permission.QUERY_ALL_PACKAGES"
26-->src\main\AndroidManifest.xml:19:22-74
27        tools:ignore="QueryAllPackagesPermission" />
27-->src\main\AndroidManifest.xml:20:9-50
28
29    <permission
29-->src\main\AndroidManifest.xml:22:5-24:47
30        android:name="android.permission.INTERACT_ACROSS_USERS_FULL"
30-->src\main\AndroidManifest.xml:23:9-69
31        android:protectionLevel="signature" />
31-->src\main\AndroidManifest.xml:24:9-44
32    <permission
32-->src\main\AndroidManifest.xml:26:5-30:47
33        android:name="com.frostnerd.dnschanger.ACCESS_DATA"
33-->src\main\AndroidManifest.xml:27:9-60
34        android:description="@string/permissions_description_access_data"
34-->src\main\AndroidManifest.xml:28:9-74
35        android:label="@string/permissions_label_access_data"
35-->src\main\AndroidManifest.xml:29:9-62
36        android:protectionLevel="signature" />
36-->src\main\AndroidManifest.xml:30:9-44
37
38    <uses-feature
38-->src\main\AndroidManifest.xml:32:5-34:36
39        android:name="android.hardware.touchscreen"
39-->src\main\AndroidManifest.xml:33:9-52
40        android:required="false" />
40-->src\main\AndroidManifest.xml:34:9-33
41
42    <supports-screens
42-->src\main\AndroidManifest.xml:36:5-41:40
43        android:anyDensity="true"
43-->src\main\AndroidManifest.xml:37:9-34
44        android:largeScreens="true"
44-->src\main\AndroidManifest.xml:38:9-36
45        android:normalScreens="true"
45-->src\main\AndroidManifest.xml:39:9-37
46        android:smallScreens="true"
46-->src\main\AndroidManifest.xml:40:9-36
47        android:xlargeScreens="true" />
47-->src\main\AndroidManifest.xml:41:9-37
48
49    <application
49-->src\main\AndroidManifest.xml:43:5-323:19
50        android:allowBackup="true"
50-->src\main\AndroidManifest.xml:44:9-35
51        android:extractNativeLibs="true"
51-->src\main\AndroidManifest.xml:47:9-41
52        android:fullBackupContent="@xml/backup_rules"
52-->src\main\AndroidManifest.xml:45:9-54
53        android:hardwareAccelerated="true"
53-->src\main\AndroidManifest.xml:46:9-43
54        android:icon="@mipmap/ic_launcher"
54-->src\main\AndroidManifest.xml:48:9-43
55        android:label="@string/app_name"
55-->src\main\AndroidManifest.xml:50:9-41
56        android:networkSecurityConfig="@xml/security_config"
56-->src\main\AndroidManifest.xml:51:9-61
57        android:requestLegacyExternalStorage="true"
57-->src\main\AndroidManifest.xml:49:9-52
58        android:supportsRtl="true" >
58-->src\main\AndroidManifest.xml:52:9-35
59        <meta-data
59-->src\main\AndroidManifest.xml:54:9-79
60            android:name="io.sentry.auto-init"
60-->src\main\AndroidManifest.xml:54:20-54
61            android:value="false" />
61-->src\main\AndroidManifest.xml:54:55-76
62        <meta-data
62-->src\main\AndroidManifest.xml:56:9-58:35
63            android:name="android.max_aspect"
63-->src\main\AndroidManifest.xml:57:13-46
64            android:value="2.1" />
64-->src\main\AndroidManifest.xml:58:13-32
65
66        <activity
66-->src\main\AndroidManifest.xml:59:9-82:20
67            android:name="com.frostnerd.dnschanger.activities.MainActivity"
67-->src\main\AndroidManifest.xml:60:13-52
68            android:configChanges="orientation|keyboardHidden"
68-->src\main\AndroidManifest.xml:61:13-63
69            android:hardwareAccelerated="true"
69-->src\main\AndroidManifest.xml:62:13-47
70            android:launchMode="singleTop" >
70-->src\main\AndroidManifest.xml:63:13-43
71            <intent-filter android:label="@string/deep_link_title" >
71-->src\main\AndroidManifest.xml:64:13-81:29
71-->src\main\AndroidManifest.xml:64:28-67
72                <action android:name="android.intent.action.VIEW" />
72-->src\main\AndroidManifest.xml:65:17-69
72-->src\main\AndroidManifest.xml:65:25-66
73
74                <category android:name="android.intent.category.DEFAULT" />
74-->src\main\AndroidManifest.xml:67:17-76
74-->src\main\AndroidManifest.xml:67:27-73
75                <category android:name="android.intent.category.BROWSABLE" />
75-->src\main\AndroidManifest.xml:68:17-78
75-->src\main\AndroidManifest.xml:68:27-75
76
77                <data
77-->src\main\AndroidManifest.xml:70:17-73:45
78                    android:host="www.frostnerd.com"
78-->src\main\AndroidManifest.xml:71:21-53
79                    android:pathPrefix="/dnschanger"
79-->src\main\AndroidManifest.xml:72:21-53
80                    android:scheme="http" />
80-->src\main\AndroidManifest.xml:73:21-42
81                <data
81-->src\main\AndroidManifest.xml:70:17-73:45
82                    android:host="www.frostnerd.com"
82-->src\main\AndroidManifest.xml:71:21-53
83                    android:pathPrefix="/dnschanger"
83-->src\main\AndroidManifest.xml:72:21-53
84                    android:scheme="https" />
84-->src\main\AndroidManifest.xml:73:21-42
85                <data
85-->src\main\AndroidManifest.xml:70:17-73:45
86                    android:host="dnschanger"
86-->src\main\AndroidManifest.xml:71:21-53
87                    android:scheme="frostnerd" />
87-->src\main\AndroidManifest.xml:73:21-42
88            </intent-filter>
89        </activity>
90
91        <service
91-->src\main\AndroidManifest.xml:84:9-93:19
92            android:name="com.frostnerd.dnschanger.services.DNSVpnService"
92-->src\main\AndroidManifest.xml:85:13-51
93            android:permission="android.permission.BIND_VPN_SERVICE"
93-->src\main\AndroidManifest.xml:86:13-69
94            android:stopWithTask="false" >
94-->src\main\AndroidManifest.xml:87:13-41
95            <intent-filter>
95-->src\main\AndroidManifest.xml:88:13-90:29
96                <action android:name="android.net.VpnService" />
96-->src\main\AndroidManifest.xml:89:17-65
96-->src\main\AndroidManifest.xml:89:25-62
97            </intent-filter>
98
99            <meta-data
99-->src\main\AndroidManifest.xml:91:13-92:40
100                android:name="android.net.VpnService.SUPPORTS_ALWAYS_ON"
100-->src\main\AndroidManifest.xml:91:24-80
101                android:value="true" />
101-->src\main\AndroidManifest.xml:92:17-37
102        </service>
103
104        <activity
104-->src\main\AndroidManifest.xml:95:9-98:73
105            android:name="com.frostnerd.dnschanger.activities.InvalidDNSDialogActivity"
105-->src\main\AndroidManifest.xml:96:13-64
106            android:launchMode="singleInstance"
106-->src\main\AndroidManifest.xml:97:13-48
107            android:theme="@style/Theme.AppCompat.Light.Dialog.Alert" />
107-->src\main\AndroidManifest.xml:98:13-70
108        <activity
108-->src\main\AndroidManifest.xml:100:9-103:73
109            android:name="com.frostnerd.dnschanger.activities.BackgroundVpnConfigureActivity"
109-->src\main\AndroidManifest.xml:101:13-70
110            android:launchMode="singleInstance"
110-->src\main\AndroidManifest.xml:102:13-48
111            android:theme="@style/Theme.AppCompat.Light.Dialog.Alert" />
111-->src\main\AndroidManifest.xml:103:13-70
112        <activity
112-->src\main\AndroidManifest.xml:105:9-108:73
113            android:name="com.frostnerd.dnschanger.activities.BackgroundDNSListActivity"
113-->src\main\AndroidManifest.xml:106:13-65
114            android:launchMode="singleInstance"
114-->src\main\AndroidManifest.xml:107:13-48
115            android:theme="@style/Theme.AppCompat.Light.Dialog.Alert" />
115-->src\main\AndroidManifest.xml:108:13-70
116        <activity
116-->src\main\AndroidManifest.xml:110:9-120:20
117            android:name="com.frostnerd.dnschanger.tasker.ConfigureActivity"
117-->src\main\AndroidManifest.xml:111:13-53
118            android:exported="true"
118-->src\main\AndroidManifest.xml:112:13-36
119            android:icon="@mipmap/ic_launcher"
119-->src\main\AndroidManifest.xml:113:13-47
120            android:label="@string/app_name"
120-->src\main\AndroidManifest.xml:114:13-45
121            android:uiOptions="splitActionBarWhenNarrow"
121-->src\main\AndroidManifest.xml:115:13-57
122            android:windowSoftInputMode="adjustResize" >
122-->src\main\AndroidManifest.xml:116:13-55
123            <intent-filter>
123-->src\main\AndroidManifest.xml:117:13-119:29
124                <action android:name="com.twofortyfouram.locale.intent.action.EDIT_SETTING" />
124-->src\main\AndroidManifest.xml:118:17-95
124-->src\main\AndroidManifest.xml:118:25-92
125            </intent-filter>
126        </activity>
127
128        <receiver
128-->src\main\AndroidManifest.xml:122:9-132:20
129            android:name="com.frostnerd.dnschanger.receivers.BootReceiver"
129-->src\main\AndroidManifest.xml:123:13-51
130            android:enabled="true"
130-->src\main\AndroidManifest.xml:124:13-35
131            android:exported="true" > <!-- TODO Check if working on all devices -->
131-->src\main\AndroidManifest.xml:125:13-36
132            <intent-filter>
132-->src\main\AndroidManifest.xml:126:13-131:29
133                <action android:name="android.intent.action.BOOT_COMPLETED" />
133-->src\main\AndroidManifest.xml:127:17-79
133-->src\main\AndroidManifest.xml:127:25-76
134                <action android:name="android.intent.action.LOCKED_BOOT_COMPLETED" />
134-->src\main\AndroidManifest.xml:128:17-86
134-->src\main\AndroidManifest.xml:128:25-83
135                <action android:name="android.intent.action.QUICKBOOT_POWERON" />
135-->src\main\AndroidManifest.xml:129:17-82
135-->src\main\AndroidManifest.xml:129:25-79
136                <action android:name="com.htc.intent.action.QUICKBOOT_POWERON" />
136-->src\main\AndroidManifest.xml:130:17-82
136-->src\main\AndroidManifest.xml:130:25-79
137            </intent-filter>
138        </receiver>
139        <receiver
139-->src\main\AndroidManifest.xml:134:9-141:20
140            android:name="com.frostnerd.dnschanger.tasker.FireReceiver"
140-->src\main\AndroidManifest.xml:135:13-48
141            android:exported="true"
141-->src\main\AndroidManifest.xml:136:13-36
142            android:process=":background" >
142-->src\main\AndroidManifest.xml:137:13-42
143            <intent-filter>
143-->src\main\AndroidManifest.xml:138:13-140:29
144                <action android:name="com.twofortyfouram.locale.intent.action.FIRE_SETTING" />
144-->src\main\AndroidManifest.xml:139:17-95
144-->src\main\AndroidManifest.xml:139:25-92
145            </intent-filter>
146        </receiver>
147
148        <service android:name="com.frostnerd.dnschanger.services.ConnectivityBackgroundService" />
148-->src\main\AndroidManifest.xml:143:9-75
148-->src\main\AndroidManifest.xml:143:18-72
149        <service android:name="com.frostnerd.dnschanger.services.ConnectivityCheckRestartService" />
149-->src\main\AndroidManifest.xml:144:9-77
149-->src\main\AndroidManifest.xml:144:18-74
150        <service
150-->src\main\AndroidManifest.xml:146:9-154:19
151            android:name="com.frostnerd.dnschanger.services.DataService"
151-->src\main\AndroidManifest.xml:147:13-49
152            android:exported="true"
152-->src\main\AndroidManifest.xml:148:13-36
153            android:permission="com.frostnerd.dnschanger.ACCESS_DATA"
153-->src\main\AndroidManifest.xml:149:13-70
154            android:process=":exported" >
154-->src\main\AndroidManifest.xml:150:13-40
155            <intent-filter>
155-->src\main\AndroidManifest.xml:151:13-153:29
156                <action android:name="com.frostnerd.dnschanger.services.DataService" />
156-->src\main\AndroidManifest.xml:152:17-88
156-->src\main\AndroidManifest.xml:152:25-85
157            </intent-filter>
158        </service>
159
160        <activity
160-->src\main\AndroidManifest.xml:156:9-161:73
161            android:name="com.frostnerd.dnschanger.activities.ShortcutActivity"
161-->src\main\AndroidManifest.xml:157:13-56
162            android:exported="true"
162-->src\main\AndroidManifest.xml:158:13-36
163            android:launchMode="singleTop"
163-->src\main\AndroidManifest.xml:159:13-43
164            android:taskAffinity="com.frostnerd.dnschangerShortcut"
164-->src\main\AndroidManifest.xml:160:13-68
165            android:theme="@style/Theme.AppCompat.Light.Dialog.Alert" />
165-->src\main\AndroidManifest.xml:161:13-70
166
167        <activity-alias
167-->src\main\AndroidManifest.xml:162:9-168:73
168            android:name="com.frostnerd.dnschanger.ShortcutActivity"
168-->src\main\AndroidManifest.xml:163:13-45
169            android:exported="true"
169-->src\main\AndroidManifest.xml:164:13-36
170            android:launchMode="singleTop"
170-->src\main\AndroidManifest.xml:165:13-43
171            android:targetActivity="com.frostnerd.dnschanger.activities.ShortcutActivity"
171-->src\main\AndroidManifest.xml:166:13-66
172            android:taskAffinity="com.frostnerd.dnschangerShortcut"
172-->src\main\AndroidManifest.xml:167:13-68
173            android:theme="@style/Theme.AppCompat.Light.Dialog.Alert" />
173-->src\main\AndroidManifest.xml:168:13-70
174
175        <activity
175-->src\main\AndroidManifest.xml:169:9-171:15
176            android:name="com.frostnerd.dnschanger.activities.automation.PauseDnsActivity"
176-->src\main\AndroidManifest.xml:169:19-73
177            android:exported="true" />
177-->src\main\AndroidManifest.xml:170:13-36
178        <activity
178-->src\main\AndroidManifest.xml:172:9-174:15
179            android:name="com.frostnerd.dnschanger.activities.automation.ResumeDnsActivity"
179-->src\main\AndroidManifest.xml:172:19-74
180            android:exported="true" />
180-->src\main\AndroidManifest.xml:173:13-36
181        <activity
181-->src\main\AndroidManifest.xml:175:9-177:15
182            android:name="com.frostnerd.dnschanger.activities.automation.StartDnsActivity"
182-->src\main\AndroidManifest.xml:175:19-73
183            android:exported="true" />
183-->src\main\AndroidManifest.xml:176:13-36
184        <activity
184-->src\main\AndroidManifest.xml:178:9-180:15
185            android:name="com.frostnerd.dnschanger.activities.automation.StopDnsActivity"
185-->src\main\AndroidManifest.xml:178:19-72
186            android:exported="true" />
186-->src\main\AndroidManifest.xml:179:13-36
187        <activity
187-->src\main\AndroidManifest.xml:181:9-183:15
188            android:name="com.frostnerd.dnschanger.activities.automation.ToggleDnsActivity"
188-->src\main\AndroidManifest.xml:181:19-74
189            android:exported="true" />
189-->src\main\AndroidManifest.xml:182:13-36
190        <activity
190-->src\main\AndroidManifest.xml:186:9-190:20
191            android:name="com.frostnerd.dnschanger.activities.PinActivity"
191-->src\main\AndroidManifest.xml:187:13-51
192            android:launchMode="singleTask"
192-->src\main\AndroidManifest.xml:188:13-44
193            android:theme="@style/Theme.AppCompat.Light.Dialog.Alert" >
193-->src\main\AndroidManifest.xml:189:13-70
194        </activity>
195        <activity
195-->src\main\AndroidManifest.xml:191:9-199:73
196            android:name="com.frostnerd.dnschanger.activities.ErrorDialogActivity"
196-->src\main\AndroidManifest.xml:192:13-59
197            android:autoRemoveFromRecents="true"
197-->src\main\AndroidManifest.xml:193:13-49
198            android:clearTaskOnLaunch="true"
198-->src\main\AndroidManifest.xml:194:13-45
199            android:excludeFromRecents="true"
199-->src\main\AndroidManifest.xml:195:13-46
200            android:launchMode="singleTop"
200-->src\main\AndroidManifest.xml:196:13-43
201            android:noHistory="true"
201-->src\main\AndroidManifest.xml:197:13-37
202            android:process=".ErrorProcess"
202-->src\main\AndroidManifest.xml:198:13-44
203            android:theme="@style/Theme.AppCompat.Light.Dialog.Alert" />
203-->src\main\AndroidManifest.xml:199:13-70
204        <activity
204-->src\main\AndroidManifest.xml:201:9-208:20
205            android:name="com.frostnerd.dnschanger.activities.AppSelectionActivity"
205-->src\main\AndroidManifest.xml:202:13-60
206            android:launchMode="singleTask"
206-->src\main\AndroidManifest.xml:203:13-44
207            android:parentActivityName="com.frostnerd.dnschanger.activities.MainActivity" >
207-->src\main\AndroidManifest.xml:204:13-66
208            <meta-data
208-->src\main\AndroidManifest.xml:205:13-207:60
209                android:name="android.support.PARENT_ACTIVITY"
209-->src\main\AndroidManifest.xml:206:17-63
210                android:value=".activities.MainActivity" />
210-->src\main\AndroidManifest.xml:207:17-57
211        </activity>
212        <activity
212-->src\main\AndroidManifest.xml:210:9-217:20
213            android:name="com.frostnerd.dnschanger.activities.AdvancedSettingsActivity"
213-->src\main\AndroidManifest.xml:211:13-64
214            android:parentActivityName="com.frostnerd.dnschanger.activities.MainActivity" >
214-->src\main\AndroidManifest.xml:212:13-66
215            <meta-data
215-->src\main\AndroidManifest.xml:205:13-207:60
216                android:name="android.support.PARENT_ACTIVITY"
216-->src\main\AndroidManifest.xml:206:17-63
217                android:value=".activities.MainActivity" />
217-->src\main\AndroidManifest.xml:207:17-57
218        </activity>
219
220        <service
220-->src\main\AndroidManifest.xml:219:9-230:19
221            android:name="com.frostnerd.dnschanger.tiles.TileStartStop"
221-->src\main\AndroidManifest.xml:220:13-48
222            android:icon="@drawable/ic_stat_resume"
222-->src\main\AndroidManifest.xml:221:13-52
223            android:label="@string/tile_start_stop"
223-->src\main\AndroidManifest.xml:222:13-52
224            android:permission="android.permission.BIND_QUICK_SETTINGS_TILE" >
224-->src\main\AndroidManifest.xml:223:13-77
225            <intent-filter>
225-->src\main\AndroidManifest.xml:224:13-226:29
226                <action android:name="android.service.quicksettings.action.QS_TILE" />
226-->src\main\AndroidManifest.xml:225:17-87
226-->src\main\AndroidManifest.xml:225:25-84
227            </intent-filter>
228
229            <meta-data
229-->src\main\AndroidManifest.xml:227:13-229:40
230                android:name="android.service.quicksettings.ACTIVE_TILE"
230-->src\main\AndroidManifest.xml:228:17-73
231                android:value="true" />
231-->src\main\AndroidManifest.xml:229:17-37
232        </service>
233        <service
233-->src\main\AndroidManifest.xml:232:9-243:19
234            android:name="com.frostnerd.dnschanger.tiles.TilePauseResume"
234-->src\main\AndroidManifest.xml:233:13-50
235            android:icon="@drawable/ic_stat_resume"
235-->src\main\AndroidManifest.xml:234:13-52
236            android:label="@string/tile_pause_resume"
236-->src\main\AndroidManifest.xml:235:13-54
237            android:permission="android.permission.BIND_QUICK_SETTINGS_TILE" >
237-->src\main\AndroidManifest.xml:236:13-77
238            <intent-filter>
238-->src\main\AndroidManifest.xml:224:13-226:29
239                <action android:name="android.service.quicksettings.action.QS_TILE" />
239-->src\main\AndroidManifest.xml:225:17-87
239-->src\main\AndroidManifest.xml:225:25-84
240            </intent-filter>
241
242            <meta-data
242-->src\main\AndroidManifest.xml:227:13-229:40
243                android:name="android.service.quicksettings.ACTIVE_TILE"
243-->src\main\AndroidManifest.xml:228:17-73
244                android:value="true" />
244-->src\main\AndroidManifest.xml:229:17-37
245        </service>
246
247        <activity
247-->src\main\AndroidManifest.xml:245:9-273:20
248            android:name="com.frostnerd.dnschanger.activities.SettingsImportActivity"
248-->src\main\AndroidManifest.xml:246:13-62
249            android:theme="@style/Theme.AppCompat.Light.Dialog.Alert" >
249-->src\main\AndroidManifest.xml:247:13-70
250            <intent-filter android:priority="50" >
250-->src\main\AndroidManifest.xml:248:13-272:29
250-->src\main\AndroidManifest.xml:248:28-49
251                <action android:name="android.intent.action.VIEW" />
251-->src\main\AndroidManifest.xml:65:17-69
251-->src\main\AndroidManifest.xml:65:25-66
252                <action android:name="android.intent.action.SEND" />
252-->src\main\AndroidManifest.xml:250:17-69
252-->src\main\AndroidManifest.xml:250:25-66
253                <action android:name="android.intent.action.SENDTO" />
253-->src\main\AndroidManifest.xml:251:17-71
253-->src\main\AndroidManifest.xml:251:25-68
254                <action android:name="android.intent.action.SEND_MULTIPLE" />
254-->src\main\AndroidManifest.xml:252:17-78
254-->src\main\AndroidManifest.xml:252:25-75
255
256                <category android:name="android.intent.category.BROWSABLE" />
256-->src\main\AndroidManifest.xml:68:17-78
256-->src\main\AndroidManifest.xml:68:27-75
257                <category android:name="android.intent.category.DEFAULT" />
257-->src\main\AndroidManifest.xml:67:17-76
257-->src\main\AndroidManifest.xml:67:27-73
258
259                <data android:scheme="file" />
259-->src\main\AndroidManifest.xml:70:17-73:45
259-->src\main\AndroidManifest.xml:73:21-42
260                <data android:scheme="content" />
260-->src\main\AndroidManifest.xml:70:17-73:45
260-->src\main\AndroidManifest.xml:73:21-42
261                <data android:scheme="uri" />
261-->src\main\AndroidManifest.xml:70:17-73:45
261-->src\main\AndroidManifest.xml:73:21-42
262                <data android:scheme="http" />
262-->src\main\AndroidManifest.xml:70:17-73:45
262-->src\main\AndroidManifest.xml:73:21-42
263                <data android:scheme="https" />
263-->src\main\AndroidManifest.xml:70:17-73:45
263-->src\main\AndroidManifest.xml:73:21-42
264                <data android:scheme="application" />
264-->src\main\AndroidManifest.xml:70:17-73:45
264-->src\main\AndroidManifest.xml:73:21-42
265                <data android:mimeType="*/*" />
265-->src\main\AndroidManifest.xml:70:17-73:45
265-->src\main\AndroidManifest.xml:263:23-45
266                <data android:host="*" />
266-->src\main\AndroidManifest.xml:70:17-73:45
266-->src\main\AndroidManifest.xml:71:21-53
267                <data android:pathPattern=".*\\.settings" />
267-->src\main\AndroidManifest.xml:70:17-73:45
267-->src\main\AndroidManifest.xml:265:23-58
268                <data android:pathPattern=".*\\..*\\.settings" />
268-->src\main\AndroidManifest.xml:70:17-73:45
268-->src\main\AndroidManifest.xml:265:23-58
269                <data android:pathPattern=".*\\..*\\..*\\.settings" />
269-->src\main\AndroidManifest.xml:70:17-73:45
269-->src\main\AndroidManifest.xml:265:23-58
270                <data android:pathPattern=".*\\..*\\..*\\..*\\.settings" />
270-->src\main\AndroidManifest.xml:70:17-73:45
270-->src\main\AndroidManifest.xml:265:23-58
271                <data android:pathPattern=".*\\..*\\..*\\..*\\..*\\.settings" />
271-->src\main\AndroidManifest.xml:70:17-73:45
271-->src\main\AndroidManifest.xml:265:23-58
272                <data android:pathPattern=".*\\..*\\..*\\..*\\..*\\..*\\.settings" />
272-->src\main\AndroidManifest.xml:70:17-73:45
272-->src\main\AndroidManifest.xml:265:23-58
273                <data android:pathPattern=".*\\..*\\..*\\..*\\..*\\..*\\..*\\.settings" />
273-->src\main\AndroidManifest.xml:70:17-73:45
273-->src\main\AndroidManifest.xml:265:23-58
274            </intent-filter>
275        </activity>
276        <activity android:name="com.frostnerd.design.filechooseractivity.FileChooserActivity" />
276-->src\main\AndroidManifest.xml:275:9-97
276-->src\main\AndroidManifest.xml:275:19-94
277
278        <receiver
278-->src\main\AndroidManifest.xml:277:9-288:20
279            android:name="com.frostnerd.dnschanger.receivers.AdminReceiver"
279-->src\main\AndroidManifest.xml:278:13-52
280            android:description="@string/device_admin_description"
280-->src\main\AndroidManifest.xml:279:13-67
281            android:label="@string/device_admin"
281-->src\main\AndroidManifest.xml:280:13-49
282            android:permission="android.permission.BIND_DEVICE_ADMIN" >
282-->src\main\AndroidManifest.xml:281:13-70
283            <meta-data
283-->src\main\AndroidManifest.xml:282:13-284:56
284                android:name="android.app.device_admin"
284-->src\main\AndroidManifest.xml:283:17-56
285                android:resource="@xml/device_admin" />
285-->src\main\AndroidManifest.xml:284:17-53
286
287            <intent-filter>
287-->src\main\AndroidManifest.xml:285:13-287:29
288                <action android:name="android.app.action.DEVICE_ADMIN_ENABLED" />
288-->src\main\AndroidManifest.xml:286:17-82
288-->src\main\AndroidManifest.xml:286:25-79
289            </intent-filter>
290        </receiver>
291        <receiver android:name="com.frostnerd.dnschanger.receivers.UpdateReceiver" >
291-->src\main\AndroidManifest.xml:290:9-298:20
291-->src\main\AndroidManifest.xml:290:19-59
292            <intent-filter>
292-->src\main\AndroidManifest.xml:291:13-293:29
293                <action android:name="android.intent.action.MY_PACKAGE_REPLACED" />
293-->src\main\AndroidManifest.xml:292:17-84
293-->src\main\AndroidManifest.xml:292:25-81
294            </intent-filter>
295            <intent-filter>
295-->src\main\AndroidManifest.xml:294:13-297:29
296                <action android:name="android.intent.action.PACKAGE_REPLACED" />
296-->src\main\AndroidManifest.xml:295:17-81
296-->src\main\AndroidManifest.xml:295:25-78
297
298                <data android:scheme="package" />
298-->src\main\AndroidManifest.xml:70:17-73:45
298-->src\main\AndroidManifest.xml:73:21-42
299            </intent-filter>
300        </receiver>
301
302        <provider
302-->src\main\AndroidManifest.xml:300:9-308:20
303            android:name="androidx.core.content.FileProvider"
303-->src\main\AndroidManifest.xml:301:13-62
304            android:authorities="com.frostnerd.dnschanger"
304-->src\main\AndroidManifest.xml:302:13-59
305            android:exported="false"
305-->src\main\AndroidManifest.xml:303:13-37
306            android:grantUriPermissions="true" >
306-->src\main\AndroidManifest.xml:304:13-47
307            <meta-data
307-->src\main\AndroidManifest.xml:305:13-307:60
308                android:name="android.support.FILE_PROVIDER_PATHS"
308-->src\main\AndroidManifest.xml:306:17-67
309                android:resource="@xml/debug_file_paths" />
309-->src\main\AndroidManifest.xml:307:17-57
310        </provider>
311        <provider
311-->src\main\AndroidManifest.xml:310:9-318:20
312            android:name="com.frostnerd.dnschanger.util.GenericFileProvider"
312-->src\main\AndroidManifest.xml:311:13-53
313            android:authorities="com.frostnerd.dnschanger.provider"
313-->src\main\AndroidManifest.xml:312:13-68
314            android:exported="false"
314-->src\main\AndroidManifest.xml:313:13-37
315            android:grantUriPermissions="true" >
315-->src\main\AndroidManifest.xml:314:13-47
316            <meta-data
316-->src\main\AndroidManifest.xml:305:13-307:60
317                android:name="android.support.FILE_PROVIDER_PATHS"
317-->src\main\AndroidManifest.xml:306:17-67
318                android:resource="@xml/generic_provider_paths" />
318-->src\main\AndroidManifest.xml:307:17-57
319        </provider>
320
321        <service
321-->src\main\AndroidManifest.xml:320:9-322:44
322            android:name="com.frostnerd.dnschanger.services.RuleImportService"
322-->src\main\AndroidManifest.xml:321:13-55
323            android:stopWithTask="false" />
323-->src\main\AndroidManifest.xml:322:13-41
324    </application>
325
326</manifest>